Using pre-set license
Built from '2020.3/staging' branch; Version is '2020.3.28f1 (f5400f52e03f) revision 16072719'; Using compiler version '192528614'; Build Type 'Release'
OS: 'Windows 10  (10.0.19043) 64bit Professional' Language: 'en' Physical Memory: 16310 MB
BatchMode: 1, IsHumanControllingUs: 0, StartBugReporterOnCrash: 0, Is64bit: 1, IsPro: 0

COMMAND LINE ARGUMENTS:
D:\Unity Installers\2020.3.28f1\Editor\Unity.exe
-adb2
-batchMode
-noUpm
-name
AssetImportWorker0
-projectPath
D:/Game Development/Unity/Infected-Multiplayer Official
-logFile
Logs/AssetImportWorker0.log
-srvPort
51608
Successfully changed project path to: D:/Game Development/Unity/Infected-Multiplayer Official
D:/Game Development/Unity/Infected-Multiplayer Official
Using Asset Import Pipeline V2.
Refreshing native plugins compatible for Editor in 95.75 ms, found 2 plugins.
Preloading 0 native plugins for Editor in 0.00 ms.
Initialize engine version: 2020.3.28f1 (f5400f52e03f)
[Subsystems] Discovering subsystems at path D:/Unity Installers/2020.3.28f1/Editor/Data/Resources/UnitySubsystems
[Subsystems] Discovering subsystems at path D:/Game Development/Unity/Infected-Multiplayer Official/Assets
GfxDevice: creating device client; threaded=0
Direct3D:
    Version:  Direct3D 11.0 [level 11.1]
    Renderer: NVIDIA GeForce RTX 3050 (ID=0x2507)
    Vendor:   
    VRAM:     8070 MB
    Driver:   30.0.15.1277
Initialize mono
Mono path[0] = 'D:/Unity Installers/2020.3.28f1/Editor/Data/Managed'
Mono path[1] = 'D:/Unity Installers/2020.3.28f1/Editor/Data/MonoBleedingEdge/lib/mono/unityjit'
Mono config path = 'D:/Unity Installers/2020.3.28f1/Editor/Data/MonoBleedingEdge/etc'
Using monoOptions --debugger-agent=transport=dt_socket,embedding=1,server=y,suspend=n,address=127.0.0.1:56448
Begin MonoManager ReloadAssembly
Registering precompiled unity dll's ...
Register platform support module: D:/Unity Installers/2020.3.28f1/Editor/Data/PlaybackEngines/WebGLSupport/UnityEditor.WebGL.Extensions.dll
Register platform support module: D:/Unity Installers/2020.3.28f1/Editor/Data/PlaybackEngines/WindowsStandaloneSupport/UnityEditor.WindowsStandalone.Extensions.dll
Registered in 0.001788 seconds.
Native extension for WindowsStandalone target not found
Native extension for WebGL target not found
Refreshing native plugins compatible for Editor in 93.12 ms, found 2 plugins.
Preloading 0 native plugins for Editor in 0.00 ms.
Mono: successfully reloaded assembly
- Completed reload, in  0.756 seconds
Domain Reload Profiling:
	ReloadAssembly (756ms)
		BeginReloadAssembly (91ms)
			ExecutionOrderSort (0ms)
			DisableScriptedObjects (0ms)
			BackupInstance (0ms)
			ReleaseScriptingObjects (0ms)
			CreateAndSetChildDomain (1ms)
		EndReloadAssembly (584ms)
			LoadAssemblies (91ms)
			RebuildTransferFunctionScriptingTraits (0ms)
			SetupTypeCache (171ms)
			ReleaseScriptCaches (0ms)
			RebuildScriptCaches (33ms)
			SetupLoadedEditorAssemblies (256ms)
				LogAssemblyErrors (0ms)
				InitializePlatformSupportModulesInManaged (6ms)
				SetLoadedEditorAssemblies (0ms)
				RefreshPlugins (93ms)
				BeforeProcessingInitializeOnLoad (20ms)
				ProcessInitializeOnLoadAttributes (102ms)
				ProcessInitializeOnLoadMethodAttributes (35ms)
				AfterProcessingInitializeOnLoad (0ms)
				EditorAssembliesLoaded (0ms)
			ExecutionOrderSort2 (0ms)
			AwakeInstancesAfterBackupRestoration (0ms)
Platform modules already initialized, skipping
Registering precompiled user dll's ...
Registered in 0.008556 seconds.
Begin MonoManager ReloadAssembly
Native extension for WindowsStandalone target not found
Native extension for WebGL target not found
Refreshing native plugins compatible for Editor in 93.45 ms, found 2 plugins.
Preloading 0 native plugins for Editor in 0.00 ms.
Mono: successfully reloaded assembly
- Completed reload, in  1.558 seconds
Domain Reload Profiling:
	ReloadAssembly (1559ms)
		BeginReloadAssembly (193ms)
			ExecutionOrderSort (0ms)
			DisableScriptedObjects (6ms)
			BackupInstance (0ms)
			ReleaseScriptingObjects (0ms)
			CreateAndSetChildDomain (21ms)
		EndReloadAssembly (1298ms)
			LoadAssemblies (149ms)
			RebuildTransferFunctionScriptingTraits (0ms)
			SetupTypeCache (416ms)
			ReleaseScriptCaches (1ms)
			RebuildScriptCaches (70ms)
			SetupLoadedEditorAssemblies (539ms)
				LogAssemblyErrors (0ms)
				InitializePlatformSupportModulesInManaged (5ms)
				SetLoadedEditorAssemblies (0ms)
				RefreshPlugins (94ms)
				BeforeProcessingInitializeOnLoad (108ms)
				ProcessInitializeOnLoadAttributes (318ms)
				ProcessInitializeOnLoadMethodAttributes (12ms)
				AfterProcessingInitializeOnLoad (3ms)
				EditorAssembliesLoaded (0ms)
			ExecutionOrderSort2 (0ms)
			AwakeInstancesAfterBackupRestoration (8ms)
Platform modules already initialized, skipping
========================================================================
Worker process is ready to serve import requests
Launched and connected shader compiler UnityShaderCompiler.exe after 0.05 seconds
Refreshing native plugins compatible for Editor in 0.95 ms, found 2 plugins.
Preloading 0 native plugins for Editor in 0.00 ms.
Unloading 3587 Unused Serialized files (Serialized files now loaded: 0)
System memory in use before: 184.6 MB.
System memory in use after: 184.8 MB.

Unloading 29 unused Assets to reduce memory usage. Loaded Objects now: 4054.
Total: 4.211500 ms (FindLiveObjects: 0.328000 ms CreateObjectMapping: 0.099600 ms MarkObjects: 3.751700 ms  DeleteObjects: 0.031200 ms)

AssetImportParameters requested are different than current active one (requested -> active):
  custom:framework-win-MediaFoundation: 216162199b28c13a410421893ffa2e32 -> 
  custom:video-decoder-ogg-theora: a1e56fd34408186e4bbccfd4996cb3dc -> 
  custom:container-muxer-webm: aa71ff27fc2769a1b78a27578f13a17b -> 
  custom:container-demuxer-webm: 4f35f7cbe854078d1ac9338744f61a02 -> 
  custom:container-demuxer-ogg: 62fdf1f143b41e24485cea50d1cbac27 -> 
  custom:video-encoder-webm-vp8: eb34c28f22e8b96e1ab97ce403110664 -> 
  custom:video-decoder-webm-vp8: 9c59270c3fd7afecdb556c50c9e8de78 -> 
  custom:audio-decoder-ogg-vorbis: bf7c407c2cedff20999df2af8eb42d56 -> 
  custom:audio-encoder-webm-vorbis: bf7c407c2cedff20999df2af8eb42d56 -> 
========================================================================
Received Import Request.
  path: Assets/_Scripts/Scriptable Objects/Items/Weapons/SingleShotGun.asset
  artifactKey: Guid(f9b7420f2f0111443b66f7491b7ccd4f) Importer(815301076,1909f56bfc062723c751e8b465ee728b)
Start importing Assets/_Scripts/Scriptable Objects/Items/Weapons/SingleShotGun.asset using Guid(f9b7420f2f0111443b66f7491b7ccd4f) Importer(815301076,1909f56bfc062723c751e8b465ee728b)  -> (artifact id: '4b6da63babca98afb3a42f6d3f2444e2') in 0.078709 seconds 
  Import took 0.085185 seconds .

========================================================================
Received Import Request.
  Time since last request: 62.788529 seconds.
  path: Assets/_Scripts/Scriptable Objects/Items/Weapons/Rifle.asset
  artifactKey: Guid(2cf4074866410ad468d0af38c9941001) Importer(815301076,1909f56bfc062723c751e8b465ee728b)
Start importing Assets/_Scripts/Scriptable Objects/Items/Weapons/Rifle.asset using Guid(2cf4074866410ad468d0af38c9941001) Importer(815301076,1909f56bfc062723c751e8b465ee728b)  -> (artifact id: 'c996925024a87e5e5a9c3a4f725f9f0e') in 0.013721 seconds 
  Import took 0.020519 seconds .

========================================================================
Received Import Request.
  Time since last request: 7.040605 seconds.
  path: Assets/_Scripts/Scriptable Objects/Items/Weapons/SubmachineGun.asset
  artifactKey: Guid(f9b7420f2f0111443b66f7491b7ccd4f) Importer(815301076,1909f56bfc062723c751e8b465ee728b)
Start importing Assets/_Scripts/Scriptable Objects/Items/Weapons/SubmachineGun.asset using Guid(f9b7420f2f0111443b66f7491b7ccd4f) Importer(815301076,1909f56bfc062723c751e8b465ee728b)  -> (artifact id: 'd066e6587e8b07403ce4c1aaf723b29c') in 0.012196 seconds 
  Import took 0.018978 seconds .

========================================================================
Received Import Request.
  Time since last request: 4.183052 seconds.
  path: Assets/_Scripts/Scriptable Objects/Items/Weapons/Rifle 1.asset
  artifactKey: Guid(f0e62798ac3211347b33e5f312a13e76) Importer(815301076,1909f56bfc062723c751e8b465ee728b)
Start importing Assets/_Scripts/Scriptable Objects/Items/Weapons/Rifle 1.asset using Guid(f0e62798ac3211347b33e5f312a13e76) Importer(815301076,1909f56bfc062723c751e8b465ee728b)  -> (artifact id: 'bc349b42257f3a009192625ffa201fa7') in 0.010944 seconds 
  Import took 0.017545 seconds .

========================================================================
Received Import Request.
  Time since last request: 17.755991 seconds.
  path: Assets/_Scripts/Scriptable Objects/Items/Weapons/Sniper.asset
  artifactKey: Guid(f0e62798ac3211347b33e5f312a13e76) Importer(815301076,1909f56bfc062723c751e8b465ee728b)
Start importing Assets/_Scripts/Scriptable Objects/Items/Weapons/Sniper.asset using Guid(f0e62798ac3211347b33e5f312a13e76) Importer(815301076,1909f56bfc062723c751e8b465ee728b)  -> (artifact id: '43c28164346c1ac2d0d81417c930bdbb') in 0.011189 seconds 
  Import took 0.017956 seconds .

========================================================================
Received Import Request.
  Time since last request: 71.959178 seconds.
  path: Assets/_Scripts/Gameplay/AI/AgentStateMachine.cs
  artifactKey: Guid(9faaedfd491d98744a219fe76a257dd5) Importer(815301076,1909f56bfc062723c751e8b465ee728b)
Start importing Assets/_Scripts/Gameplay/AI/AgentStateMachine.cs using Guid(9faaedfd491d98744a219fe76a257dd5) Importer(815301076,1909f56bfc062723c751e8b465ee728b)  -> (artifact id: '76f47a0ab97dbda0f4bc1debd290ef8d') in 0.012613 seconds 
  Import took 0.018460 seconds .

========================================================================
Received Import Request.
  Time since last request: 68.448163 seconds.
  path: Assets/_Scripts/Gameplay/AI/Zombie_Unit.cs
  artifactKey: Guid(05981a6be7355904fb8b5b9237b76473) Importer(815301076,1909f56bfc062723c751e8b465ee728b)
Start importing Assets/_Scripts/Gameplay/AI/Zombie_Unit.cs using Guid(05981a6be7355904fb8b5b9237b76473) Importer(815301076,1909f56bfc062723c751e8b465ee728b)  -> (artifact id: 'cfddea50f9e1d2ae5b3ab66c06c8d458') in 0.006443 seconds 
  Import took 0.012900 seconds .

========================================================================
Received Prepare
Registering precompiled user dll's ...
Registered in 0.008032 seconds.
Begin MonoManager ReloadAssembly
Native extension for WindowsStandalone target not found
Native extension for WebGL target not found
Refreshing native plugins compatible for Editor in 0.95 ms, found 2 plugins.
Preloading 0 native plugins for Editor in 0.00 ms.
Mono: successfully reloaded assembly
- Completed reload, in  1.400 seconds
Domain Reload Profiling:
	ReloadAssembly (1401ms)
		BeginReloadAssembly (167ms)
			ExecutionOrderSort (0ms)
			DisableScriptedObjects (6ms)
			BackupInstance (0ms)
			ReleaseScriptingObjects (0ms)
			CreateAndSetChildDomain (47ms)
		EndReloadAssembly (1163ms)
			LoadAssemblies (153ms)
			RebuildTransferFunctionScriptingTraits (0ms)
			SetupTypeCache (413ms)
			ReleaseScriptCaches (1ms)
			RebuildScriptCaches (52ms)
			SetupLoadedEditorAssemblies (436ms)
				LogAssemblyErrors (0ms)
				InitializePlatformSupportModulesInManaged (5ms)
				SetLoadedEditorAssemblies (1ms)
				RefreshPlugins (1ms)
				BeforeProcessingInitializeOnLoad (100ms)
				ProcessInitializeOnLoadAttributes (313ms)
				ProcessInitializeOnLoadMethodAttributes (12ms)
				AfterProcessingInitializeOnLoad (3ms)
				EditorAssembliesLoaded (0ms)
			ExecutionOrderSort2 (0ms)
			AwakeInstancesAfterBackupRestoration (12ms)
Platform modules already initialized, skipping
Refreshing native plugins compatible for Editor in 0.97 ms, found 2 plugins.
Preloading 0 native plugins for Editor in 0.00 ms.
Unloading 3435 Unused Serialized files (Serialized files now loaded: 0)
System memory in use before: 173.5 MB.
System memory in use after: 173.7 MB.

Unloading 22 unused Assets to reduce memory usage. Loaded Objects now: 4057.
Total: 4.370100 ms (FindLiveObjects: 0.364400 ms CreateObjectMapping: 0.103100 ms MarkObjects: 3.864200 ms  DeleteObjects: 0.036900 ms)

AssetImportParameters requested are different than current active one (requested -> active):
  custom:framework-win-MediaFoundation: 216162199b28c13a410421893ffa2e32 -> 
  custom:video-decoder-ogg-theora: a1e56fd34408186e4bbccfd4996cb3dc -> 
  custom:container-muxer-webm: aa71ff27fc2769a1b78a27578f13a17b -> 
  custom:container-demuxer-webm: 4f35f7cbe854078d1ac9338744f61a02 -> 
  custom:container-demuxer-ogg: 62fdf1f143b41e24485cea50d1cbac27 -> 
  custom:video-encoder-webm-vp8: eb34c28f22e8b96e1ab97ce403110664 -> 
  custom:video-decoder-webm-vp8: 9c59270c3fd7afecdb556c50c9e8de78 -> 
  custom:audio-decoder-ogg-vorbis: bf7c407c2cedff20999df2af8eb42d56 -> 
  custom:audio-encoder-webm-vorbis: bf7c407c2cedff20999df2af8eb42d56 -> 
AssetImportWorkerClient::OnTransportError - code=2 error=End of file
