Using pre-set license
Built from '2020.3/staging' branch; Version is '2020.3.28f1 (f5400f52e03f) revision 16072719'; Using compiler version '192528614'; Build Type 'Release'
OS: 'Windows 10  (10.0.19043) 64bit Professional' Language: 'en' Physical Memory: 16310 MB
BatchMode: 1, IsHumanControllingUs: 0, StartBugReporterOnCrash: 0, Is64bit: 1, IsPro: 0

COMMAND LINE ARGUMENTS:
D:\Unity Installers\2020.3.28f1\Editor\Unity.exe
-adb2
-batchMode
-noUpm
-name
AssetImportWorker7
-projectPath
D:/Game Development/Unity/Infected-Multiplayer Official
-logFile
Logs/AssetImportWorker7.log
-srvPort
56777
Successfully changed project path to: D:/Game Development/Unity/Infected-Multiplayer Official
D:/Game Development/Unity/Infected-Multiplayer Official
Using Asset Import Pipeline V2.
Refreshing native plugins compatible for Editor in 83.59 ms, found 2 plugins.
Preloading 0 native plugins for Editor in 0.00 ms.
Initialize engine version: 2020.3.28f1 (f5400f52e03f)
[Subsystems] Discovering subsystems at path D:/Unity Installers/2020.3.28f1/Editor/Data/Resources/UnitySubsystems
[Subsystems] Discovering subsystems at path D:/Game Development/Unity/Infected-Multiplayer Official/Assets
GfxDevice: creating device client; threaded=0
Direct3D:
    Version:  Direct3D 11.0 [level 11.1]
    Renderer: NVIDIA GeForce RTX 3050 (ID=0x2507)
    Vendor:   
    VRAM:     8070 MB
    Driver:   30.0.15.1179
Initialize mono
Mono path[0] = 'D:/Unity Installers/2020.3.28f1/Editor/Data/Managed'
Mono path[1] = 'D:/Unity Installers/2020.3.28f1/Editor/Data/MonoBleedingEdge/lib/mono/unityjit'
Mono config path = 'D:/Unity Installers/2020.3.28f1/Editor/Data/MonoBleedingEdge/etc'
Using monoOptions --debugger-agent=transport=dt_socket,embedding=1,server=y,suspend=n,address=127.0.0.1:56888
Begin MonoManager ReloadAssembly
Registering precompiled unity dll's ...
Register platform support module: D:/Unity Installers/2020.3.28f1/Editor/Data/PlaybackEngines/WebGLSupport/UnityEditor.WebGL.Extensions.dll
Register platform support module: D:/Unity Installers/2020.3.28f1/Editor/Data/PlaybackEngines/WindowsStandaloneSupport/UnityEditor.WindowsStandalone.Extensions.dll
Registered in 0.001775 seconds.
Native extension for WindowsStandalone target not found
Native extension for WebGL target not found
Refreshing native plugins compatible for Editor in 82.84 ms, found 2 plugins.
Preloading 0 native plugins for Editor in 0.00 ms.
Mono: successfully reloaded assembly
- Completed reload, in  0.752 seconds
Domain Reload Profiling:
	ReloadAssembly (752ms)
		BeginReloadAssembly (92ms)
			ExecutionOrderSort (0ms)
			DisableScriptedObjects (0ms)
			BackupInstance (0ms)
			ReleaseScriptingObjects (0ms)
			CreateAndSetChildDomain (1ms)
		EndReloadAssembly (579ms)
			LoadAssemblies (91ms)
			RebuildTransferFunctionScriptingTraits (0ms)
			SetupTypeCache (175ms)
			ReleaseScriptCaches (0ms)
			RebuildScriptCaches (34ms)
			SetupLoadedEditorAssemblies (246ms)
				LogAssemblyErrors (0ms)
				InitializePlatformSupportModulesInManaged (8ms)
				SetLoadedEditorAssemblies (0ms)
				RefreshPlugins (83ms)
				BeforeProcessingInitializeOnLoad (20ms)
				ProcessInitializeOnLoadAttributes (101ms)
				ProcessInitializeOnLoadMethodAttributes (33ms)
				AfterProcessingInitializeOnLoad (0ms)
				EditorAssembliesLoaded (0ms)
			ExecutionOrderSort2 (0ms)
			AwakeInstancesAfterBackupRestoration (0ms)
Platform modules already initialized, skipping
Registering precompiled user dll's ...
Registered in 0.008121 seconds.
Begin MonoManager ReloadAssembly
Native extension for WindowsStandalone target not found
Native extension for WebGL target not found
Refreshing native plugins compatible for Editor in 87.21 ms, found 2 plugins.
Preloading 0 native plugins for Editor in 0.00 ms.
Mono: successfully reloaded assembly
- Completed reload, in  3.195 seconds
Domain Reload Profiling:
	ReloadAssembly (3200ms)
		BeginReloadAssembly (202ms)
			ExecutionOrderSort (0ms)
			DisableScriptedObjects (6ms)
			BackupInstance (0ms)
			ReleaseScriptingObjects (0ms)
			CreateAndSetChildDomain (22ms)
		EndReloadAssembly (2927ms)
			LoadAssemblies (158ms)
			RebuildTransferFunctionScriptingTraits (0ms)
			SetupTypeCache (452ms)
			ReleaseScriptCaches (1ms)
			RebuildScriptCaches (77ms)
			SetupLoadedEditorAssemblies (2110ms)
				LogAssemblyErrors (0ms)
				InitializePlatformSupportModulesInManaged (5ms)
				SetLoadedEditorAssemblies (0ms)
				RefreshPlugins (87ms)
				BeforeProcessingInitializeOnLoad (112ms)
				ProcessInitializeOnLoadAttributes (490ms)
				ProcessInitializeOnLoadMethodAttributes (1412ms)
				AfterProcessingInitializeOnLoad (3ms)
				EditorAssembliesLoaded (0ms)
			ExecutionOrderSort2 (0ms)
			AwakeInstancesAfterBackupRestoration (8ms)
Platform modules already initialized, skipping
========================================================================
Worker process is ready to serve import requests
Launched and connected shader compiler UnityShaderCompiler.exe after 0.28 seconds
Refreshing native plugins compatible for Editor in 0.84 ms, found 2 plugins.
Preloading 0 native plugins for Editor in 0.00 ms.
Unloading 3566 Unused Serialized files (Serialized files now loaded: 0)
System memory in use before: 183.1 MB.
System memory in use after: 183.3 MB.

Unloading 29 unused Assets to reduce memory usage. Loaded Objects now: 4021.
Total: 4.310500 ms (FindLiveObjects: 0.330200 ms CreateObjectMapping: 0.104600 ms MarkObjects: 3.836800 ms  DeleteObjects: 0.037900 ms)

AssetImportParameters requested are different than current active one (requested -> active):
  custom:framework-win-MediaFoundation: 216162199b28c13a410421893ffa2e32 -> 
  custom:video-decoder-ogg-theora: a1e56fd34408186e4bbccfd4996cb3dc -> 
  custom:container-muxer-webm: aa71ff27fc2769a1b78a27578f13a17b -> 
  custom:container-demuxer-webm: 4f35f7cbe854078d1ac9338744f61a02 -> 
  custom:container-demuxer-ogg: 62fdf1f143b41e24485cea50d1cbac27 -> 
  custom:video-encoder-webm-vp8: eb34c28f22e8b96e1ab97ce403110664 -> 
  custom:video-decoder-webm-vp8: 9c59270c3fd7afecdb556c50c9e8de78 -> 
  custom:audio-decoder-ogg-vorbis: bf7c407c2cedff20999df2af8eb42d56 -> 
  custom:audio-encoder-webm-vorbis: bf7c407c2cedff20999df2af8eb42d56 -> 
========================================================================
Received Import Request.
  path: Assets/Scriptable Objects/AI Units/Zombie.asset
  artifactKey: Guid(3d0b3bf85b22e5b42bd1cff4416c842c) Importer(815301076,1909f56bfc062723c751e8b465ee728b)
Start importing Assets/Scriptable Objects/AI Units/Zombie.asset using Guid(3d0b3bf85b22e5b42bd1cff4416c842c) Importer(815301076,1909f56bfc062723c751e8b465ee728b)  -> (artifact id: 'b956cdb021cd2e5ff525d42502fd7b94') in 0.304201 seconds 
  Import took 0.553909 seconds .

========================================================================
Received Import Request.
  Time since last request: 0.000252 seconds.
  path: Assets/_Scripts/Game Scene Scripts/AI Unit Scripts/Survivor_Unit.cs
  artifactKey: Guid(f1878debf38790a409010c090c82b9d7) Importer(815301076,1909f56bfc062723c751e8b465ee728b)
Start importing Assets/_Scripts/Game Scene Scripts/AI Unit Scripts/Survivor_Unit.cs using Guid(f1878debf38790a409010c090c82b9d7) Importer(815301076,1909f56bfc062723c751e8b465ee728b)  -> (artifact id: '50e12413aa2b419bf64ba1e8e6277a9d') in 0.039388 seconds 
  Import took 0.226508 seconds .

========================================================================
Received Import Request.
  Time since last request: 0.000213 seconds.
  path: Assets/_Scripts/Game Scene Scripts/AI Unit Scripts/SentryGun_Unit.cs
  artifactKey: Guid(a2153987a9ed7714c95610cf62988b73) Importer(815301076,1909f56bfc062723c751e8b465ee728b)
Start importing Assets/_Scripts/Game Scene Scripts/AI Unit Scripts/SentryGun_Unit.cs using Guid(a2153987a9ed7714c95610cf62988b73) Importer(815301076,1909f56bfc062723c751e8b465ee728b)  -> (artifact id: 'd60a60fd64870167caac8d9efb885bd2') in 0.041537 seconds 
  Import took 0.206162 seconds .

========================================================================
Received Import Request.
  Time since last request: 0.000585 seconds.
  path: Assets/_Scripts/Game Scene Scripts/AI Unit Scripts/Zombie_Unit.cs
  artifactKey: Guid(05981a6be7355904fb8b5b9237b76473) Importer(815301076,1909f56bfc062723c751e8b465ee728b)
Start importing Assets/_Scripts/Game Scene Scripts/AI Unit Scripts/Zombie_Unit.cs using Guid(05981a6be7355904fb8b5b9237b76473) Importer(815301076,1909f56bfc062723c751e8b465ee728b)  -> (artifact id: '30b2cecd53eadb57ef56bf600a65327e') in 0.019910 seconds 
  Import took 0.076771 seconds .

========================================================================
Received Import Request.
  Time since last request: 1565.940716 seconds.
  path: Assets/_Scripts/Game Scene Scripts/Abstract Classes/AI_Unit.cs
  artifactKey: Guid(b35414b72c1df10408b576fb2e0d7ad4) Importer(815301076,1909f56bfc062723c751e8b465ee728b)
Start importing Assets/_Scripts/Game Scene Scripts/Abstract Classes/AI_Unit.cs using Guid(b35414b72c1df10408b576fb2e0d7ad4) Importer(815301076,1909f56bfc062723c751e8b465ee728b)  -> (artifact id: '094bce211551dbde2bf0a731a1e4fc38') in 0.209959 seconds 
  Import took 0.286685 seconds .

========================================================================
Received Import Request.
  Time since last request: 8.640197 seconds.
  path: Assets/_Scripts/Game Scene Scripts/Abstract Classes/Targetable.cs
  artifactKey: Guid(d431cc66f3c289b41b0a5f003d5b0a8f) Importer(815301076,1909f56bfc062723c751e8b465ee728b)
Start importing Assets/_Scripts/Game Scene Scripts/Abstract Classes/Targetable.cs using Guid(d431cc66f3c289b41b0a5f003d5b0a8f) Importer(815301076,1909f56bfc062723c751e8b465ee728b)  -> (artifact id: '76aa4b20aa8166d544b24a05c9146ce1') in 0.174031 seconds 
  Import took 0.392896 seconds .

========================================================================
Received Import Request.
  Time since last request: 1151.478654 seconds.
  path: Assets/_Scripts/Game Scene Scripts/Abstract Classes/AI_Unit.cs
  artifactKey: Guid(b35414b72c1df10408b576fb2e0d7ad4) Importer(815301076,1909f56bfc062723c751e8b465ee728b)
Start importing Assets/_Scripts/Game Scene Scripts/Abstract Classes/AI_Unit.cs using Guid(b35414b72c1df10408b576fb2e0d7ad4) Importer(815301076,1909f56bfc062723c751e8b465ee728b)  -> (artifact id: '5a2fa3fb072aae41eff8586179b0d953') in 0.007723 seconds 
  Import took 0.055680 seconds .

========================================================================
Received Prepare
Registering precompiled user dll's ...
Registered in 0.423038 seconds.
Begin MonoManager ReloadAssembly
Native extension for WindowsStandalone target not found
Native extension for WebGL target not found
Refreshing native plugins compatible for Editor in 0.90 ms, found 2 plugins.
Preloading 0 native plugins for Editor in 0.00 ms.
Mono: successfully reloaded assembly
- Completed reload, in  1.794 seconds
Domain Reload Profiling:
	ReloadAssembly (1800ms)
		BeginReloadAssembly (323ms)
			ExecutionOrderSort (0ms)
			DisableScriptedObjects (33ms)
			BackupInstance (0ms)
			ReleaseScriptingObjects (0ms)
			CreateAndSetChildDomain (127ms)
		EndReloadAssembly (1400ms)
			LoadAssemblies (172ms)
			RebuildTransferFunctionScriptingTraits (0ms)
			SetupTypeCache (439ms)
			ReleaseScriptCaches (1ms)
			RebuildScriptCaches (57ms)
			SetupLoadedEditorAssemblies (460ms)
				LogAssemblyErrors (0ms)
				InitializePlatformSupportModulesInManaged (5ms)
				SetLoadedEditorAssemblies (1ms)
				RefreshPlugins (1ms)
				BeforeProcessingInitializeOnLoad (101ms)
				ProcessInitializeOnLoadAttributes (320ms)
				ProcessInitializeOnLoadMethodAttributes (28ms)
				AfterProcessingInitializeOnLoad (3ms)
				EditorAssembliesLoaded (0ms)
			ExecutionOrderSort2 (0ms)
			AwakeInstancesAfterBackupRestoration (12ms)
Platform modules already initialized, skipping
Refreshing native plugins compatible for Editor in 0.97 ms, found 2 plugins.
Preloading 0 native plugins for Editor in 0.00 ms.
Unloading 3414 Unused Serialized files (Serialized files now loaded: 0)
System memory in use before: 172.0 MB.
System memory in use after: 172.2 MB.

Unloading 22 unused Assets to reduce memory usage. Loaded Objects now: 4024.
Total: 4.984100 ms (FindLiveObjects: 0.353600 ms CreateObjectMapping: 0.104000 ms MarkObjects: 4.489900 ms  DeleteObjects: 0.035100 ms)

AssetImportParameters requested are different than current active one (requested -> active):
  custom:framework-win-MediaFoundation: 216162199b28c13a410421893ffa2e32 -> 
  custom:video-decoder-ogg-theora: a1e56fd34408186e4bbccfd4996cb3dc -> 
  custom:container-muxer-webm: aa71ff27fc2769a1b78a27578f13a17b -> 
  custom:container-demuxer-webm: 4f35f7cbe854078d1ac9338744f61a02 -> 
  custom:container-demuxer-ogg: 62fdf1f143b41e24485cea50d1cbac27 -> 
  custom:video-encoder-webm-vp8: eb34c28f22e8b96e1ab97ce403110664 -> 
  custom:video-decoder-webm-vp8: 9c59270c3fd7afecdb556c50c9e8de78 -> 
  custom:audio-decoder-ogg-vorbis: bf7c407c2cedff20999df2af8eb42d56 -> 
  custom:audio-encoder-webm-vorbis: bf7c407c2cedff20999df2af8eb42d56 -> 
========================================================================
Received Prepare
Registering precompiled user dll's ...
Registered in 0.008089 seconds.
Begin MonoManager ReloadAssembly
Native extension for WindowsStandalone target not found
Native extension for WebGL target not found
Refreshing native plugins compatible for Editor in 0.94 ms, found 2 plugins.
Preloading 0 native plugins for Editor in 0.00 ms.
Mono: successfully reloaded assembly
- Completed reload, in  1.423 seconds
Domain Reload Profiling:
	ReloadAssembly (1424ms)
		BeginReloadAssembly (152ms)
			ExecutionOrderSort (0ms)
			DisableScriptedObjects (6ms)
			BackupInstance (0ms)
			ReleaseScriptingObjects (0ms)
			CreateAndSetChildDomain (41ms)
		EndReloadAssembly (1195ms)
			LoadAssemblies (157ms)
			RebuildTransferFunctionScriptingTraits (0ms)
			SetupTypeCache (432ms)
			ReleaseScriptCaches (2ms)
			RebuildScriptCaches (53ms)
			SetupLoadedEditorAssemblies (441ms)
				LogAssemblyErrors (0ms)
				InitializePlatformSupportModulesInManaged (6ms)
				SetLoadedEditorAssemblies (1ms)
				RefreshPlugins (1ms)
				BeforeProcessingInitializeOnLoad (105ms)
				ProcessInitializeOnLoadAttributes (313ms)
				ProcessInitializeOnLoadMethodAttributes (12ms)
				AfterProcessingInitializeOnLoad (3ms)
				EditorAssembliesLoaded (0ms)
			ExecutionOrderSort2 (0ms)
			AwakeInstancesAfterBackupRestoration (12ms)
Platform modules already initialized, skipping
Refreshing native plugins compatible for Editor in 0.93 ms, found 2 plugins.
Preloading 0 native plugins for Editor in 0.00 ms.
Unloading 3414 Unused Serialized files (Serialized files now loaded: 0)
System memory in use before: 172.0 MB.
System memory in use after: 172.3 MB.

Unloading 22 unused Assets to reduce memory usage. Loaded Objects now: 4027.
Total: 5.114400 ms (FindLiveObjects: 0.406700 ms CreateObjectMapping: 0.114400 ms MarkObjects: 4.559600 ms  DeleteObjects: 0.032400 ms)

AssetImportParameters requested are different than current active one (requested -> active):
  custom:framework-win-MediaFoundation: 216162199b28c13a410421893ffa2e32 -> 
  custom:video-decoder-ogg-theora: a1e56fd34408186e4bbccfd4996cb3dc -> 
  custom:container-muxer-webm: aa71ff27fc2769a1b78a27578f13a17b -> 
  custom:container-demuxer-webm: 4f35f7cbe854078d1ac9338744f61a02 -> 
  custom:container-demuxer-ogg: 62fdf1f143b41e24485cea50d1cbac27 -> 
  custom:video-encoder-webm-vp8: eb34c28f22e8b96e1ab97ce403110664 -> 
  custom:video-decoder-webm-vp8: 9c59270c3fd7afecdb556c50c9e8de78 -> 
  custom:audio-decoder-ogg-vorbis: bf7c407c2cedff20999df2af8eb42d56 -> 
  custom:audio-encoder-webm-vorbis: bf7c407c2cedff20999df2af8eb42d56 -> 
========================================================================
Received Import Request.
  Time since last request: 131.635751 seconds.
  path: Assets/_Scripts/Game Scene Scripts/Abstract Classes/AI_Unit.cs
  artifactKey: Guid(b35414b72c1df10408b576fb2e0d7ad4) Importer(815301076,1909f56bfc062723c751e8b465ee728b)
Start importing Assets/_Scripts/Game Scene Scripts/Abstract Classes/AI_Unit.cs using Guid(b35414b72c1df10408b576fb2e0d7ad4) Importer(815301076,1909f56bfc062723c751e8b465ee728b)  -> (artifact id: 'adfbbb6205f9f6dee2ae7f6ed440151d') in 0.012196 seconds 
  Import took 0.070837 seconds .

========================================================================
Received Import Request.
  Time since last request: 40.951428 seconds.
  path: Assets/_Scripts/Game Scene Scripts/Abstract Classes/AI_Unit.cs
  artifactKey: Guid(b35414b72c1df10408b576fb2e0d7ad4) Importer(815301076,1909f56bfc062723c751e8b465ee728b)
Start importing Assets/_Scripts/Game Scene Scripts/Abstract Classes/AI_Unit.cs using Guid(b35414b72c1df10408b576fb2e0d7ad4) Importer(815301076,1909f56bfc062723c751e8b465ee728b)  -> (artifact id: 'ce55f040378f34e7f773914459cff322') in 0.003216 seconds 
  Import took 0.020465 seconds .

========================================================================
Received Prepare
Registering precompiled user dll's ...
Registered in 0.008070 seconds.
Begin MonoManager ReloadAssembly
Native extension for WindowsStandalone target not found
Native extension for WebGL target not found
Refreshing native plugins compatible for Editor in 0.93 ms, found 2 plugins.
Preloading 0 native plugins for Editor in 0.00 ms.
Mono: successfully reloaded assembly
- Completed reload, in  1.418 seconds
Domain Reload Profiling:
	ReloadAssembly (1419ms)
		BeginReloadAssembly (161ms)
			ExecutionOrderSort (0ms)
			DisableScriptedObjects (6ms)
			BackupInstance (0ms)
			ReleaseScriptingObjects (0ms)
			CreateAndSetChildDomain (44ms)
		EndReloadAssembly (1189ms)
			LoadAssemblies (157ms)
			RebuildTransferFunctionScriptingTraits (0ms)
			SetupTypeCache (415ms)
			ReleaseScriptCaches (2ms)
			RebuildScriptCaches (54ms)
			SetupLoadedEditorAssemblies (457ms)
				LogAssemblyErrors (0ms)
				InitializePlatformSupportModulesInManaged (5ms)
				SetLoadedEditorAssemblies (1ms)
				RefreshPlugins (1ms)
				BeforeProcessingInitializeOnLoad (111ms)
				ProcessInitializeOnLoadAttributes (325ms)
				ProcessInitializeOnLoadMethodAttributes (11ms)
				AfterProcessingInitializeOnLoad (3ms)
				EditorAssembliesLoaded (0ms)
			ExecutionOrderSort2 (0ms)
			AwakeInstancesAfterBackupRestoration (12ms)
Platform modules already initialized, skipping
Refreshing native plugins compatible for Editor in 0.85 ms, found 2 plugins.
Preloading 0 native plugins for Editor in 0.00 ms.
Unloading 3414 Unused Serialized files (Serialized files now loaded: 0)
System memory in use before: 172.1 MB.
System memory in use after: 172.3 MB.

Unloading 22 unused Assets to reduce memory usage. Loaded Objects now: 4030.
Total: 4.255800 ms (FindLiveObjects: 0.328800 ms CreateObjectMapping: 0.102300 ms MarkObjects: 3.796900 ms  DeleteObjects: 0.026400 ms)

AssetImportParameters requested are different than current active one (requested -> active):
  custom:framework-win-MediaFoundation: 216162199b28c13a410421893ffa2e32 -> 
  custom:video-decoder-ogg-theora: a1e56fd34408186e4bbccfd4996cb3dc -> 
  custom:container-muxer-webm: aa71ff27fc2769a1b78a27578f13a17b -> 
  custom:container-demuxer-webm: 4f35f7cbe854078d1ac9338744f61a02 -> 
  custom:container-demuxer-ogg: 62fdf1f143b41e24485cea50d1cbac27 -> 
  custom:video-encoder-webm-vp8: eb34c28f22e8b96e1ab97ce403110664 -> 
  custom:video-decoder-webm-vp8: 9c59270c3fd7afecdb556c50c9e8de78 -> 
  custom:audio-decoder-ogg-vorbis: bf7c407c2cedff20999df2af8eb42d56 -> 
  custom:audio-encoder-webm-vorbis: bf7c407c2cedff20999df2af8eb42d56 -> 
========================================================================
Received Prepare
Registering precompiled user dll's ...
Registered in 0.008191 seconds.
Begin MonoManager ReloadAssembly
Native extension for WindowsStandalone target not found
Native extension for WebGL target not found
Refreshing native plugins compatible for Editor in 0.88 ms, found 2 plugins.
Preloading 0 native plugins for Editor in 0.00 ms.
Mono: successfully reloaded assembly
- Completed reload, in  1.393 seconds
Domain Reload Profiling:
	ReloadAssembly (1394ms)
		BeginReloadAssembly (152ms)
			ExecutionOrderSort (0ms)
			DisableScriptedObjects (6ms)
			BackupInstance (0ms)
			ReleaseScriptingObjects (0ms)
			CreateAndSetChildDomain (40ms)
		EndReloadAssembly (1171ms)
			LoadAssemblies (148ms)
			RebuildTransferFunctionScriptingTraits (0ms)
			SetupTypeCache (420ms)
			ReleaseScriptCaches (1ms)
			RebuildScriptCaches (55ms)
			SetupLoadedEditorAssemblies (436ms)
				LogAssemblyErrors (0ms)
				InitializePlatformSupportModulesInManaged (5ms)
				SetLoadedEditorAssemblies (1ms)
				RefreshPlugins (1ms)
				BeforeProcessingInitializeOnLoad (102ms)
				ProcessInitializeOnLoadAttributes (312ms)
				ProcessInitializeOnLoadMethodAttributes (12ms)
				AfterProcessingInitializeOnLoad (3ms)
				EditorAssembliesLoaded (0ms)
			ExecutionOrderSort2 (0ms)
			AwakeInstancesAfterBackupRestoration (12ms)
Platform modules already initialized, skipping
Refreshing native plugins compatible for Editor in 0.86 ms, found 2 plugins.
Preloading 0 native plugins for Editor in 0.00 ms.
Unloading 3414 Unused Serialized files (Serialized files now loaded: 0)
System memory in use before: 172.1 MB.
System memory in use after: 172.3 MB.

Unloading 22 unused Assets to reduce memory usage. Loaded Objects now: 4033.
Total: 4.360500 ms (FindLiveObjects: 0.375800 ms CreateObjectMapping: 0.106700 ms MarkObjects: 3.848700 ms  DeleteObjects: 0.028300 ms)

AssetImportParameters requested are different than current active one (requested -> active):
  custom:framework-win-MediaFoundation: 216162199b28c13a410421893ffa2e32 -> 
  custom:video-decoder-ogg-theora: a1e56fd34408186e4bbccfd4996cb3dc -> 
  custom:container-muxer-webm: aa71ff27fc2769a1b78a27578f13a17b -> 
  custom:container-demuxer-webm: 4f35f7cbe854078d1ac9338744f61a02 -> 
  custom:container-demuxer-ogg: 62fdf1f143b41e24485cea50d1cbac27 -> 
  custom:video-encoder-webm-vp8: eb34c28f22e8b96e1ab97ce403110664 -> 
  custom:video-decoder-webm-vp8: 9c59270c3fd7afecdb556c50c9e8de78 -> 
  custom:audio-decoder-ogg-vorbis: bf7c407c2cedff20999df2af8eb42d56 -> 
  custom:audio-encoder-webm-vorbis: bf7c407c2cedff20999df2af8eb42d56 -> 
========================================================================
Received Import Request.
  Time since last request: 132.905911 seconds.
  path: Assets/_Scripts/Game Scene Scripts/AI Unit Scripts/Behaviours
  artifactKey: Guid(fd088c0ee2914404b9400d89973eb23b) Importer(815301076,1909f56bfc062723c751e8b465ee728b)
Start importing Assets/_Scripts/Game Scene Scripts/AI Unit Scripts/Behaviours using Guid(fd088c0ee2914404b9400d89973eb23b) Importer(815301076,1909f56bfc062723c751e8b465ee728b)  -> (artifact id: '1a8f0eb01f294c438152dbcb74d28ae5') in 0.011439 seconds 
  Import took 0.047876 seconds .

========================================================================
Received Import Request.
  Time since last request: 37.517400 seconds.
  path: Assets/_Scripts/Game Scene Scripts/AI Unit Scripts/Behaviours/Idle.cs
  artifactKey: Guid(3a050b0fa33f7ab429fdab5462eb7d97) Importer(815301076,1909f56bfc062723c751e8b465ee728b)
Start importing Assets/_Scripts/Game Scene Scripts/AI Unit Scripts/Behaviours/Idle.cs using Guid(3a050b0fa33f7ab429fdab5462eb7d97) Importer(815301076,1909f56bfc062723c751e8b465ee728b)  -> (artifact id: 'ed46818da3daa47ff663befaa5eb85cd') in 0.006531 seconds 
  Import took 0.145574 seconds .

========================================================================
Received Prepare
Registering precompiled user dll's ...
Registered in 0.008414 seconds.
Begin MonoManager ReloadAssembly
Native extension for WindowsStandalone target not found
Native extension for WebGL target not found
Refreshing native plugins compatible for Editor in 0.86 ms, found 2 plugins.
Preloading 0 native plugins for Editor in 0.00 ms.
Mono: successfully reloaded assembly
- Completed reload, in  1.435 seconds
Domain Reload Profiling:
	ReloadAssembly (1435ms)
		BeginReloadAssembly (158ms)
			ExecutionOrderSort (0ms)
			DisableScriptedObjects (6ms)
			BackupInstance (0ms)
			ReleaseScriptingObjects (0ms)
			CreateAndSetChildDomain (41ms)
		EndReloadAssembly (1206ms)
			LoadAssemblies (158ms)
			RebuildTransferFunctionScriptingTraits (0ms)
			SetupTypeCache (426ms)
			ReleaseScriptCaches (1ms)
			RebuildScriptCaches (59ms)
			SetupLoadedEditorAssemblies (441ms)
				LogAssemblyErrors (0ms)
				InitializePlatformSupportModulesInManaged (5ms)
				SetLoadedEditorAssemblies (1ms)
				RefreshPlugins (1ms)
				BeforeProcessingInitializeOnLoad (107ms)
				ProcessInitializeOnLoadAttributes (312ms)
				ProcessInitializeOnLoadMethodAttributes (12ms)
				AfterProcessingInitializeOnLoad (3ms)
				EditorAssembliesLoaded (0ms)
			ExecutionOrderSort2 (0ms)
			AwakeInstancesAfterBackupRestoration (12ms)
Platform modules already initialized, skipping
Refreshing native plugins compatible for Editor in 0.87 ms, found 2 plugins.
Preloading 0 native plugins for Editor in 0.00 ms.
Unloading 3415 Unused Serialized files (Serialized files now loaded: 0)
System memory in use before: 172.1 MB.
System memory in use after: 172.4 MB.

Unloading 22 unused Assets to reduce memory usage. Loaded Objects now: 4037.
Total: 4.625900 ms (FindLiveObjects: 0.411600 ms CreateObjectMapping: 0.126700 ms MarkObjects: 4.050500 ms  DeleteObjects: 0.035800 ms)

AssetImportParameters requested are different than current active one (requested -> active):
  custom:framework-win-MediaFoundation: 216162199b28c13a410421893ffa2e32 -> 
  custom:video-decoder-ogg-theora: a1e56fd34408186e4bbccfd4996cb3dc -> 
  custom:container-muxer-webm: aa71ff27fc2769a1b78a27578f13a17b -> 
  custom:container-demuxer-webm: 4f35f7cbe854078d1ac9338744f61a02 -> 
  custom:container-demuxer-ogg: 62fdf1f143b41e24485cea50d1cbac27 -> 
  custom:video-encoder-webm-vp8: eb34c28f22e8b96e1ab97ce403110664 -> 
  custom:video-decoder-webm-vp8: 9c59270c3fd7afecdb556c50c9e8de78 -> 
  custom:audio-decoder-ogg-vorbis: bf7c407c2cedff20999df2af8eb42d56 -> 
  custom:audio-encoder-webm-vorbis: bf7c407c2cedff20999df2af8eb42d56 -> 
========================================================================
Received Prepare
Registering precompiled user dll's ...
Registered in 0.008278 seconds.
Begin MonoManager ReloadAssembly
Native extension for WindowsStandalone target not found
Native extension for WebGL target not found
Refreshing native plugins compatible for Editor in 1.08 ms, found 2 plugins.
Preloading 0 native plugins for Editor in 0.00 ms.
Mono: successfully reloaded assembly
- Completed reload, in  1.468 seconds
Domain Reload Profiling:
	ReloadAssembly (1469ms)
		BeginReloadAssembly (162ms)
			ExecutionOrderSort (0ms)
			DisableScriptedObjects (6ms)
			BackupInstance (0ms)
			ReleaseScriptingObjects (0ms)
			CreateAndSetChildDomain (42ms)
		EndReloadAssembly (1231ms)
			LoadAssemblies (158ms)
			RebuildTransferFunctionScriptingTraits (0ms)
			SetupTypeCache (444ms)
			ReleaseScriptCaches (1ms)
			RebuildScriptCaches (59ms)
			SetupLoadedEditorAssemblies (460ms)
				LogAssemblyErrors (0ms)
				InitializePlatformSupportModulesInManaged (6ms)
				SetLoadedEditorAssemblies (1ms)
				RefreshPlugins (1ms)
				BeforeProcessingInitializeOnLoad (107ms)
				ProcessInitializeOnLoadAttributes (328ms)
				ProcessInitializeOnLoadMethodAttributes (14ms)
				AfterProcessingInitializeOnLoad (3ms)
				EditorAssembliesLoaded (0ms)
			ExecutionOrderSort2 (0ms)
			AwakeInstancesAfterBackupRestoration (13ms)
Platform modules already initialized, skipping
Refreshing native plugins compatible for Editor in 1.00 ms, found 2 plugins.
Preloading 0 native plugins for Editor in 0.00 ms.
Unloading 3415 Unused Serialized files (Serialized files now loaded: 0)
System memory in use before: 172.1 MB.
System memory in use after: 172.4 MB.

Unloading 22 unused Assets to reduce memory usage. Loaded Objects now: 4040.
Total: 5.347700 ms (FindLiveObjects: 0.547000 ms CreateObjectMapping: 0.114100 ms MarkObjects: 4.637300 ms  DeleteObjects: 0.047400 ms)

AssetImportParameters requested are different than current active one (requested -> active):
  custom:framework-win-MediaFoundation: 216162199b28c13a410421893ffa2e32 -> 
  custom:video-decoder-ogg-theora: a1e56fd34408186e4bbccfd4996cb3dc -> 
  custom:container-muxer-webm: aa71ff27fc2769a1b78a27578f13a17b -> 
  custom:container-demuxer-webm: 4f35f7cbe854078d1ac9338744f61a02 -> 
  custom:container-demuxer-ogg: 62fdf1f143b41e24485cea50d1cbac27 -> 
  custom:video-encoder-webm-vp8: eb34c28f22e8b96e1ab97ce403110664 -> 
  custom:video-decoder-webm-vp8: 9c59270c3fd7afecdb556c50c9e8de78 -> 
  custom:audio-decoder-ogg-vorbis: bf7c407c2cedff20999df2af8eb42d56 -> 
  custom:audio-encoder-webm-vorbis: bf7c407c2cedff20999df2af8eb42d56 -> 
========================================================================
Received Import Request.
  Time since last request: 265.543690 seconds.
  path: Assets/_Scripts/Game Scene Scripts/AI Unit Scripts/Behaviours/IdleState.cs
  artifactKey: Guid(3a050b0fa33f7ab429fdab5462eb7d97) Importer(815301076,1909f56bfc062723c751e8b465ee728b)
Start importing Assets/_Scripts/Game Scene Scripts/AI Unit Scripts/Behaviours/IdleState.cs using Guid(3a050b0fa33f7ab429fdab5462eb7d97) Importer(815301076,1909f56bfc062723c751e8b465ee728b)  -> (artifact id: '75f1dbc02b768e24d39c91924844ad2a') in 0.012947 seconds 
  Import took 0.065903 seconds .

========================================================================
Received Import Request.
  Time since last request: 24.488253 seconds.
  path: Assets/_Scripts/Game Scene Scripts/Interfaces
  artifactKey: Guid(edc8a094220b80e41874978111eff595) Importer(815301076,1909f56bfc062723c751e8b465ee728b)
Start importing Assets/_Scripts/Game Scene Scripts/Interfaces using Guid(edc8a094220b80e41874978111eff595) Importer(815301076,1909f56bfc062723c751e8b465ee728b)  -> (artifact id: 'e8f56c91231563fe8c5f5e9cb143a855') in 0.541749 seconds 
  Import took 0.776806 seconds .

========================================================================
Received Prepare
Registering precompiled user dll's ...
Registered in 0.008245 seconds.
Begin MonoManager ReloadAssembly
Native extension for WindowsStandalone target not found
Native extension for WebGL target not found
Refreshing native plugins compatible for Editor in 0.86 ms, found 2 plugins.
Preloading 0 native plugins for Editor in 0.00 ms.
Mono: successfully reloaded assembly
- Completed reload, in  1.392 seconds
Domain Reload Profiling:
	ReloadAssembly (1392ms)
		BeginReloadAssembly (154ms)
			ExecutionOrderSort (0ms)
			DisableScriptedObjects (6ms)
			BackupInstance (0ms)
			ReleaseScriptingObjects (0ms)
			CreateAndSetChildDomain (39ms)
		EndReloadAssembly (1168ms)
			LoadAssemblies (154ms)
			RebuildTransferFunctionScriptingTraits (0ms)
			SetupTypeCache (414ms)
			ReleaseScriptCaches (1ms)
			RebuildScriptCaches (54ms)
			SetupLoadedEditorAssemblies (439ms)
				LogAssemblyErrors (0ms)
				InitializePlatformSupportModulesInManaged (5ms)
				SetLoadedEditorAssemblies (1ms)
				RefreshPlugins (1ms)
				BeforeProcessingInitializeOnLoad (103ms)
				ProcessInitializeOnLoadAttributes (314ms)
				ProcessInitializeOnLoadMethodAttributes (12ms)
				AfterProcessingInitializeOnLoad (3ms)
				EditorAssembliesLoaded (0ms)
			ExecutionOrderSort2 (0ms)
			AwakeInstancesAfterBackupRestoration (11ms)
Platform modules already initialized, skipping
Refreshing native plugins compatible for Editor in 1.40 ms, found 2 plugins.
Preloading 0 native plugins for Editor in 0.00 ms.
Unloading 3416 Unused Serialized files (Serialized files now loaded: 0)
System memory in use before: 172.2 MB.
System memory in use after: 172.4 MB.

Unloading 22 unused Assets to reduce memory usage. Loaded Objects now: 4044.
Total: 4.933500 ms (FindLiveObjects: 0.454700 ms CreateObjectMapping: 0.113500 ms MarkObjects: 4.332300 ms  DeleteObjects: 0.031300 ms)

AssetImportParameters requested are different than current active one (requested -> active):
  custom:framework-win-MediaFoundation: 216162199b28c13a410421893ffa2e32 -> 
  custom:video-decoder-ogg-theora: a1e56fd34408186e4bbccfd4996cb3dc -> 
  custom:container-muxer-webm: aa71ff27fc2769a1b78a27578f13a17b -> 
  custom:container-demuxer-webm: 4f35f7cbe854078d1ac9338744f61a02 -> 
  custom:container-demuxer-ogg: 62fdf1f143b41e24485cea50d1cbac27 -> 
  custom:video-encoder-webm-vp8: eb34c28f22e8b96e1ab97ce403110664 -> 
  custom:video-decoder-webm-vp8: 9c59270c3fd7afecdb556c50c9e8de78 -> 
  custom:audio-decoder-ogg-vorbis: bf7c407c2cedff20999df2af8eb42d56 -> 
  custom:audio-encoder-webm-vorbis: bf7c407c2cedff20999df2af8eb42d56 -> 
========================================================================
Received Import Request.
  Time since last request: 163.872345 seconds.
  path: Assets/_Scripts/Game Scene Scripts/Interfaces/IState.cs
  artifactKey: Guid(a1f281b9488f83f418f9eb22047bd41f) Importer(815301076,1909f56bfc062723c751e8b465ee728b)
Start importing Assets/_Scripts/Game Scene Scripts/Interfaces/IState.cs using Guid(a1f281b9488f83f418f9eb22047bd41f) Importer(815301076,1909f56bfc062723c751e8b465ee728b)  -> (artifact id: '3f32ab60b1c1e1605cad999acf38a5ba') in 0.011043 seconds 
  Import took 0.063417 seconds .

========================================================================
Received Import Request.
  Time since last request: 95.432523 seconds.
  path: Assets/_Scripts/Game Scene Scripts/Interfaces/IAgentState.cs
  artifactKey: Guid(a1f281b9488f83f418f9eb22047bd41f) Importer(815301076,1909f56bfc062723c751e8b465ee728b)
Start importing Assets/_Scripts/Game Scene Scripts/Interfaces/IAgentState.cs using Guid(a1f281b9488f83f418f9eb22047bd41f) Importer(815301076,1909f56bfc062723c751e8b465ee728b)  -> (artifact id: 'f2a79e6de6bedbfe34b29ccf5e32e214') in 0.006711 seconds 
  Import took 0.241159 seconds .

========================================================================
Received Prepare
Registering precompiled user dll's ...
Registered in 0.468469 seconds.
Begin MonoManager ReloadAssembly
Native extension for WindowsStandalone target not found
Native extension for WebGL target not found
Refreshing native plugins compatible for Editor in 0.86 ms, found 2 plugins.
Preloading 0 native plugins for Editor in 0.00 ms.
Mono: successfully reloaded assembly
- Completed reload, in  2.135 seconds
Domain Reload Profiling:
	ReloadAssembly (2135ms)
		BeginReloadAssembly (148ms)
			ExecutionOrderSort (0ms)
			DisableScriptedObjects (6ms)
			BackupInstance (0ms)
			ReleaseScriptingObjects (0ms)
			CreateAndSetChildDomain (38ms)
		EndReloadAssembly (1918ms)
			LoadAssemblies (145ms)
			RebuildTransferFunctionScriptingTraits (0ms)
			SetupTypeCache (400ms)
			ReleaseScriptCaches (1ms)
			RebuildScriptCaches (53ms)
			SetupLoadedEditorAssemblies (434ms)
				LogAssemblyErrors (0ms)
				InitializePlatformSupportModulesInManaged (5ms)
				SetLoadedEditorAssemblies (1ms)
				RefreshPlugins (1ms)
				BeforeProcessingInitializeOnLoad (101ms)
				ProcessInitializeOnLoadAttributes (312ms)
				ProcessInitializeOnLoadMethodAttributes (11ms)
				AfterProcessingInitializeOnLoad (3ms)
				EditorAssembliesLoaded (0ms)
			ExecutionOrderSort2 (0ms)
			AwakeInstancesAfterBackupRestoration (12ms)
Platform modules already initialized, skipping
Refreshing native plugins compatible for Editor in 0.89 ms, found 2 plugins.
Preloading 0 native plugins for Editor in 0.00 ms.
Unloading 3416 Unused Serialized files (Serialized files now loaded: 0)
System memory in use before: 172.2 MB.
System memory in use after: 172.4 MB.

Unloading 22 unused Assets to reduce memory usage. Loaded Objects now: 4047.
Total: 4.420500 ms (FindLiveObjects: 0.342600 ms CreateObjectMapping: 0.114200 ms MarkObjects: 3.934600 ms  DeleteObjects: 0.027700 ms)

AssetImportParameters requested are different than current active one (requested -> active):
  custom:framework-win-MediaFoundation: 216162199b28c13a410421893ffa2e32 -> 
  custom:video-decoder-ogg-theora: a1e56fd34408186e4bbccfd4996cb3dc -> 
  custom:container-muxer-webm: aa71ff27fc2769a1b78a27578f13a17b -> 
  custom:container-demuxer-webm: 4f35f7cbe854078d1ac9338744f61a02 -> 
  custom:container-demuxer-ogg: 62fdf1f143b41e24485cea50d1cbac27 -> 
  custom:video-encoder-webm-vp8: eb34c28f22e8b96e1ab97ce403110664 -> 
  custom:video-decoder-webm-vp8: 9c59270c3fd7afecdb556c50c9e8de78 -> 
  custom:audio-decoder-ogg-vorbis: bf7c407c2cedff20999df2af8eb42d56 -> 
  custom:audio-encoder-webm-vorbis: bf7c407c2cedff20999df2af8eb42d56 -> 
========================================================================
Received Prepare
Registering precompiled user dll's ...
Registered in 0.484798 seconds.
Begin MonoManager ReloadAssembly
Native extension for WindowsStandalone target not found
Native extension for WebGL target not found
Refreshing native plugins compatible for Editor in 1.08 ms, found 2 plugins.
Preloading 0 native plugins for Editor in 0.00 ms.
Mono: successfully reloaded assembly
- Completed reload, in  4.891 seconds
Domain Reload Profiling:
	ReloadAssembly (4891ms)
		BeginReloadAssembly (740ms)
			ExecutionOrderSort (0ms)
			DisableScriptedObjects (6ms)
			BackupInstance (0ms)
			ReleaseScriptingObjects (0ms)
			CreateAndSetChildDomain (39ms)
		EndReloadAssembly (4083ms)
			LoadAssemblies (2889ms)
			RebuildTransferFunctionScriptingTraits (0ms)
			SetupTypeCache (403ms)
			ReleaseScriptCaches (1ms)
			RebuildScriptCaches (52ms)
			SetupLoadedEditorAssemblies (748ms)
				LogAssemblyErrors (0ms)
				InitializePlatformSupportModulesInManaged (5ms)
				SetLoadedEditorAssemblies (1ms)
				RefreshPlugins (1ms)
				BeforeProcessingInitializeOnLoad (99ms)
				ProcessInitializeOnLoadAttributes (404ms)
				ProcessInitializeOnLoadMethodAttributes (235ms)
				AfterProcessingInitializeOnLoad (3ms)
				EditorAssembliesLoaded (0ms)
			ExecutionOrderSort2 (0ms)
			AwakeInstancesAfterBackupRestoration (12ms)
Platform modules already initialized, skipping
Refreshing native plugins compatible for Editor in 0.86 ms, found 2 plugins.
Preloading 0 native plugins for Editor in 0.00 ms.
Unloading 3416 Unused Serialized files (Serialized files now loaded: 0)
System memory in use before: 172.2 MB.
System memory in use after: 172.4 MB.

Unloading 22 unused Assets to reduce memory usage. Loaded Objects now: 4050.
Total: 4.425400 ms (FindLiveObjects: 0.296300 ms CreateObjectMapping: 0.100700 ms MarkObjects: 3.995400 ms  DeleteObjects: 0.031200 ms)

AssetImportParameters requested are different than current active one (requested -> active):
  custom:framework-win-MediaFoundation: 216162199b28c13a410421893ffa2e32 -> 
  custom:video-decoder-ogg-theora: a1e56fd34408186e4bbccfd4996cb3dc -> 
  custom:container-muxer-webm: aa71ff27fc2769a1b78a27578f13a17b -> 
  custom:container-demuxer-webm: 4f35f7cbe854078d1ac9338744f61a02 -> 
  custom:container-demuxer-ogg: 62fdf1f143b41e24485cea50d1cbac27 -> 
  custom:video-encoder-webm-vp8: eb34c28f22e8b96e1ab97ce403110664 -> 
  custom:video-decoder-webm-vp8: 9c59270c3fd7afecdb556c50c9e8de78 -> 
  custom:audio-decoder-ogg-vorbis: bf7c407c2cedff20999df2af8eb42d56 -> 
  custom:audio-encoder-webm-vorbis: bf7c407c2cedff20999df2af8eb42d56 -> 
========================================================================
Received Import Request.
  Time since last request: 322.640386 seconds.
  path: Assets/_Scripts/Game Scene Scripts/AI Unit Scripts/Behaviours/AgentIdleState.cs
  artifactKey: Guid(3a050b0fa33f7ab429fdab5462eb7d97) Importer(815301076,1909f56bfc062723c751e8b465ee728b)
Start importing Assets/_Scripts/Game Scene Scripts/AI Unit Scripts/Behaviours/AgentIdleState.cs using Guid(3a050b0fa33f7ab429fdab5462eb7d97) Importer(815301076,1909f56bfc062723c751e8b465ee728b)  -> (artifact id: 'ecbc6cc919e386ac2b94500d513b8431') in 0.011194 seconds 
  Import took 0.051623 seconds .

========================================================================
Received Import Request.
  Time since last request: 279.514870 seconds.
  path: Assets/_Scripts/Game Scene Scripts/AI Unit Scripts/Behaviours/AgentIdleState.cs
  artifactKey: Guid(3a050b0fa33f7ab429fdab5462eb7d97) Importer(815301076,1909f56bfc062723c751e8b465ee728b)
Start importing Assets/_Scripts/Game Scene Scripts/AI Unit Scripts/Behaviours/AgentIdleState.cs using Guid(3a050b0fa33f7ab429fdab5462eb7d97) Importer(815301076,1909f56bfc062723c751e8b465ee728b)  -> (artifact id: '2df859a7ba5c2333d26bbfdd28710e2b') in 0.002751 seconds 
  Import took 0.082457 seconds .

========================================================================
Received Import Request.
  Time since last request: 18.138430 seconds.
  path: Assets/_Scripts/Game Scene Scripts/AI Unit Scripts/Behaviours/AgentStateIdle.cs
  artifactKey: Guid(3a050b0fa33f7ab429fdab5462eb7d97) Importer(815301076,1909f56bfc062723c751e8b465ee728b)
Start importing Assets/_Scripts/Game Scene Scripts/AI Unit Scripts/Behaviours/AgentStateIdle.cs using Guid(3a050b0fa33f7ab429fdab5462eb7d97) Importer(815301076,1909f56bfc062723c751e8b465ee728b)  -> (artifact id: '6e5d08ce00cbf4e6bf1c020137e44375') in 0.006587 seconds 
  Import took 0.069815 seconds .

========================================================================
Received Prepare
Registering precompiled user dll's ...
Registered in 0.067031 seconds.
Begin MonoManager ReloadAssembly
Native extension for WindowsStandalone target not found
Native extension for WebGL target not found
Refreshing native plugins compatible for Editor in 0.95 ms, found 2 plugins.
Preloading 0 native plugins for Editor in 0.00 ms.
Mono: successfully reloaded assembly
- Completed reload, in  1.393 seconds
Domain Reload Profiling:
	ReloadAssembly (1394ms)
		BeginReloadAssembly (150ms)
			ExecutionOrderSort (0ms)
			DisableScriptedObjects (6ms)
			BackupInstance (0ms)
			ReleaseScriptingObjects (0ms)
			CreateAndSetChildDomain (40ms)
		EndReloadAssembly (1175ms)
			LoadAssemblies (148ms)
			RebuildTransferFunctionScriptingTraits (0ms)
			SetupTypeCache (410ms)
			ReleaseScriptCaches (2ms)
			RebuildScriptCaches (53ms)
			SetupLoadedEditorAssemblies (450ms)
				LogAssemblyErrors (0ms)
				InitializePlatformSupportModulesInManaged (6ms)
				SetLoadedEditorAssemblies (1ms)
				RefreshPlugins (1ms)
				BeforeProcessingInitializeOnLoad (102ms)
				ProcessInitializeOnLoadAttributes (325ms)
				ProcessInitializeOnLoadMethodAttributes (12ms)
				AfterProcessingInitializeOnLoad (3ms)
				EditorAssembliesLoaded (0ms)
			ExecutionOrderSort2 (0ms)
			AwakeInstancesAfterBackupRestoration (12ms)
Platform modules already initialized, skipping
Refreshing native plugins compatible for Editor in 0.89 ms, found 2 plugins.
Preloading 0 native plugins for Editor in 0.00 ms.
Unloading 3416 Unused Serialized files (Serialized files now loaded: 0)
System memory in use before: 172.2 MB.
System memory in use after: 172.4 MB.

Unloading 22 unused Assets to reduce memory usage. Loaded Objects now: 4053.
Total: 5.076500 ms (FindLiveObjects: 0.384700 ms CreateObjectMapping: 0.104300 ms MarkObjects: 4.554300 ms  DeleteObjects: 0.032000 ms)

AssetImportParameters requested are different than current active one (requested -> active):
  custom:framework-win-MediaFoundation: 216162199b28c13a410421893ffa2e32 -> 
  custom:video-decoder-ogg-theora: a1e56fd34408186e4bbccfd4996cb3dc -> 
  custom:container-muxer-webm: aa71ff27fc2769a1b78a27578f13a17b -> 
  custom:container-demuxer-webm: 4f35f7cbe854078d1ac9338744f61a02 -> 
  custom:container-demuxer-ogg: 62fdf1f143b41e24485cea50d1cbac27 -> 
  custom:video-encoder-webm-vp8: eb34c28f22e8b96e1ab97ce403110664 -> 
  custom:video-decoder-webm-vp8: 9c59270c3fd7afecdb556c50c9e8de78 -> 
  custom:audio-decoder-ogg-vorbis: bf7c407c2cedff20999df2af8eb42d56 -> 
  custom:audio-encoder-webm-vorbis: bf7c407c2cedff20999df2af8eb42d56 -> 
========================================================================
Received Import Request.
  Time since last request: 28.657235 seconds.
  path: Assets/_Scripts/Game Scene Scripts/AI Unit Scripts/Behaviours/AgentStateChase.cs
  artifactKey: Guid(fba505b8410627b4499274c3847df455) Importer(815301076,1909f56bfc062723c751e8b465ee728b)
Start importing Assets/_Scripts/Game Scene Scripts/AI Unit Scripts/Behaviours/AgentStateChase.cs using Guid(fba505b8410627b4499274c3847df455) Importer(815301076,1909f56bfc062723c751e8b465ee728b)  -> (artifact id: 'c0ef911eb99d12a77cfc276b127d98c9') in 0.013140 seconds 
  Import took 0.040676 seconds .

========================================================================
Received Prepare
Registering precompiled user dll's ...
Registered in 0.008071 seconds.
Begin MonoManager ReloadAssembly
Native extension for WindowsStandalone target not found
Native extension for WebGL target not found
Refreshing native plugins compatible for Editor in 0.85 ms, found 2 plugins.
Preloading 0 native plugins for Editor in 0.00 ms.
Mono: successfully reloaded assembly
- Completed reload, in  1.451 seconds
Domain Reload Profiling:
	ReloadAssembly (1452ms)
		BeginReloadAssembly (165ms)
			ExecutionOrderSort (0ms)
			DisableScriptedObjects (6ms)
			BackupInstance (0ms)
			ReleaseScriptingObjects (0ms)
			CreateAndSetChildDomain (44ms)
		EndReloadAssembly (1200ms)
			LoadAssemblies (164ms)
			RebuildTransferFunctionScriptingTraits (0ms)
			SetupTypeCache (427ms)
			ReleaseScriptCaches (2ms)
			RebuildScriptCaches (61ms)
			SetupLoadedEditorAssemblies (441ms)
				LogAssemblyErrors (0ms)
				InitializePlatformSupportModulesInManaged (5ms)
				SetLoadedEditorAssemblies (1ms)
				RefreshPlugins (1ms)
				BeforeProcessingInitializeOnLoad (106ms)
				ProcessInitializeOnLoadAttributes (314ms)
				ProcessInitializeOnLoadMethodAttributes (12ms)
				AfterProcessingInitializeOnLoad (3ms)
				EditorAssembliesLoaded (0ms)
			ExecutionOrderSort2 (0ms)
			AwakeInstancesAfterBackupRestoration (12ms)
Platform modules already initialized, skipping
Refreshing native plugins compatible for Editor in 0.87 ms, found 2 plugins.
Preloading 0 native plugins for Editor in 0.00 ms.
Unloading 3417 Unused Serialized files (Serialized files now loaded: 0)
System memory in use before: 172.2 MB.
System memory in use after: 172.5 MB.

Unloading 22 unused Assets to reduce memory usage. Loaded Objects now: 4057.
Total: 4.666300 ms (FindLiveObjects: 0.391000 ms CreateObjectMapping: 0.104200 ms MarkObjects: 4.133500 ms  DeleteObjects: 0.036400 ms)

AssetImportParameters requested are different than current active one (requested -> active):
  custom:framework-win-MediaFoundation: 216162199b28c13a410421893ffa2e32 -> 
  custom:video-decoder-ogg-theora: a1e56fd34408186e4bbccfd4996cb3dc -> 
  custom:container-muxer-webm: aa71ff27fc2769a1b78a27578f13a17b -> 
  custom:container-demuxer-webm: 4f35f7cbe854078d1ac9338744f61a02 -> 
  custom:container-demuxer-ogg: 62fdf1f143b41e24485cea50d1cbac27 -> 
  custom:video-encoder-webm-vp8: eb34c28f22e8b96e1ab97ce403110664 -> 
  custom:video-decoder-webm-vp8: 9c59270c3fd7afecdb556c50c9e8de78 -> 
  custom:audio-decoder-ogg-vorbis: bf7c407c2cedff20999df2af8eb42d56 -> 
  custom:audio-encoder-webm-vorbis: bf7c407c2cedff20999df2af8eb42d56 -> 
========================================================================
Received Import Request.
  Time since last request: 65.930848 seconds.
  path: Assets/_Scripts/Game Scene Scripts/AI Unit Scripts/Behaviours/AgentStateChase.cs
  artifactKey: Guid(fba505b8410627b4499274c3847df455) Importer(815301076,1909f56bfc062723c751e8b465ee728b)
Start importing Assets/_Scripts/Game Scene Scripts/AI Unit Scripts/Behaviours/AgentStateChase.cs using Guid(fba505b8410627b4499274c3847df455) Importer(815301076,1909f56bfc062723c751e8b465ee728b)  -> (artifact id: '9288529db5cc7881f8de325833828820') in 0.011555 seconds 
  Import took 0.021685 seconds .

========================================================================
Received Prepare
Registering precompiled user dll's ...
Registered in 0.008509 seconds.
Begin MonoManager ReloadAssembly
Native extension for WindowsStandalone target not found
Native extension for WebGL target not found
Refreshing native plugins compatible for Editor in 0.86 ms, found 2 plugins.
Preloading 0 native plugins for Editor in 0.00 ms.
Mono: successfully reloaded assembly
- Completed reload, in  1.488 seconds
Domain Reload Profiling:
	ReloadAssembly (1489ms)
		BeginReloadAssembly (169ms)
			ExecutionOrderSort (0ms)
			DisableScriptedObjects (6ms)
			BackupInstance (0ms)
			ReleaseScriptingObjects (0ms)
			CreateAndSetChildDomain (50ms)
		EndReloadAssembly (1244ms)
			LoadAssemblies (167ms)
			RebuildTransferFunctionScriptingTraits (0ms)
			SetupTypeCache (432ms)
			ReleaseScriptCaches (2ms)
			RebuildScriptCaches (54ms)
			SetupLoadedEditorAssemblies (461ms)
				LogAssemblyErrors (0ms)
				InitializePlatformSupportModulesInManaged (5ms)
				SetLoadedEditorAssemblies (1ms)
				RefreshPlugins (1ms)
				BeforeProcessingInitializeOnLoad (104ms)
				ProcessInitializeOnLoadAttributes (336ms)
				ProcessInitializeOnLoadMethodAttributes (11ms)
				AfterProcessingInitializeOnLoad (3ms)
				EditorAssembliesLoaded (0ms)
			ExecutionOrderSort2 (0ms)
			AwakeInstancesAfterBackupRestoration (12ms)
Platform modules already initialized, skipping
Refreshing native plugins compatible for Editor in 1.65 ms, found 2 plugins.
Preloading 0 native plugins for Editor in 0.00 ms.
Unloading 3417 Unused Serialized files (Serialized files now loaded: 0)
System memory in use before: 172.2 MB.
System memory in use after: 172.5 MB.

Unloading 22 unused Assets to reduce memory usage. Loaded Objects now: 4060.
Total: 5.457200 ms (FindLiveObjects: 0.408100 ms CreateObjectMapping: 0.111000 ms MarkObjects: 4.897300 ms  DeleteObjects: 0.038900 ms)

AssetImportParameters requested are different than current active one (requested -> active):
  custom:framework-win-MediaFoundation: 216162199b28c13a410421893ffa2e32 -> 
  custom:video-decoder-ogg-theora: a1e56fd34408186e4bbccfd4996cb3dc -> 
  custom:container-muxer-webm: aa71ff27fc2769a1b78a27578f13a17b -> 
  custom:container-demuxer-webm: 4f35f7cbe854078d1ac9338744f61a02 -> 
  custom:container-demuxer-ogg: 62fdf1f143b41e24485cea50d1cbac27 -> 
  custom:video-encoder-webm-vp8: eb34c28f22e8b96e1ab97ce403110664 -> 
  custom:video-decoder-webm-vp8: 9c59270c3fd7afecdb556c50c9e8de78 -> 
  custom:audio-decoder-ogg-vorbis: bf7c407c2cedff20999df2af8eb42d56 -> 
  custom:audio-encoder-webm-vorbis: bf7c407c2cedff20999df2af8eb42d56 -> 
========================================================================
Received Import Request.
  Time since last request: 7.157068 seconds.
  path: Assets/_Scripts/Game Scene Scripts/AI Unit Scripts/Behaviours/AgentStateChase.cs
  artifactKey: Guid(fba505b8410627b4499274c3847df455) Importer(815301076,1909f56bfc062723c751e8b465ee728b)
Start importing Assets/_Scripts/Game Scene Scripts/AI Unit Scripts/Behaviours/AgentStateChase.cs using Guid(fba505b8410627b4499274c3847df455) Importer(815301076,1909f56bfc062723c751e8b465ee728b)  -> (artifact id: 'e2fc100b93e0ae335c4de200dc166742') in 0.008455 seconds 
  Import took 0.030842 seconds .

========================================================================
Received Prepare
Registering precompiled user dll's ...
Registered in 0.007990 seconds.
Begin MonoManager ReloadAssembly
Native extension for WindowsStandalone target not found
Native extension for WebGL target not found
Refreshing native plugins compatible for Editor in 0.86 ms, found 2 plugins.
Preloading 0 native plugins for Editor in 0.00 ms.
Mono: successfully reloaded assembly
- Completed reload, in  1.449 seconds
Domain Reload Profiling:
	ReloadAssembly (1450ms)
		BeginReloadAssembly (158ms)
			ExecutionOrderSort (0ms)
			DisableScriptedObjects (6ms)
			BackupInstance (0ms)
			ReleaseScriptingObjects (0ms)
			CreateAndSetChildDomain (44ms)
		EndReloadAssembly (1221ms)
			LoadAssemblies (160ms)
			RebuildTransferFunctionScriptingTraits (0ms)
			SetupTypeCache (426ms)
			ReleaseScriptCaches (2ms)
			RebuildScriptCaches (57ms)
			SetupLoadedEditorAssemblies (459ms)
				LogAssemblyErrors (0ms)
				InitializePlatformSupportModulesInManaged (5ms)
				SetLoadedEditorAssemblies (1ms)
				RefreshPlugins (1ms)
				BeforeProcessingInitializeOnLoad (104ms)
				ProcessInitializeOnLoadAttributes (333ms)
				ProcessInitializeOnLoadMethodAttributes (12ms)
				AfterProcessingInitializeOnLoad (3ms)
				EditorAssembliesLoaded (0ms)
			ExecutionOrderSort2 (0ms)
			AwakeInstancesAfterBackupRestoration (13ms)
Platform modules already initialized, skipping
Refreshing native plugins compatible for Editor in 1.35 ms, found 2 plugins.
Preloading 0 native plugins for Editor in 0.00 ms.
Unloading 3417 Unused Serialized files (Serialized files now loaded: 0)
System memory in use before: 172.2 MB.
System memory in use after: 172.5 MB.

Unloading 22 unused Assets to reduce memory usage. Loaded Objects now: 4063.
Total: 5.300500 ms (FindLiveObjects: 0.414600 ms CreateObjectMapping: 0.109200 ms MarkObjects: 4.739900 ms  DeleteObjects: 0.035100 ms)

AssetImportParameters requested are different than current active one (requested -> active):
  custom:framework-win-MediaFoundation: 216162199b28c13a410421893ffa2e32 -> 
  custom:video-decoder-ogg-theora: a1e56fd34408186e4bbccfd4996cb3dc -> 
  custom:container-muxer-webm: aa71ff27fc2769a1b78a27578f13a17b -> 
  custom:container-demuxer-webm: 4f35f7cbe854078d1ac9338744f61a02 -> 
  custom:container-demuxer-ogg: 62fdf1f143b41e24485cea50d1cbac27 -> 
  custom:video-encoder-webm-vp8: eb34c28f22e8b96e1ab97ce403110664 -> 
  custom:video-decoder-webm-vp8: 9c59270c3fd7afecdb556c50c9e8de78 -> 
  custom:audio-decoder-ogg-vorbis: bf7c407c2cedff20999df2af8eb42d56 -> 
  custom:audio-encoder-webm-vorbis: bf7c407c2cedff20999df2af8eb42d56 -> 
========================================================================
Received Import Request.
  Time since last request: 548.154208 seconds.
  path: Assets/_Scripts/Game Scene Scripts/AI Unit Scripts/Behaviours/AgentStateChase.cs
  artifactKey: Guid(fba505b8410627b4499274c3847df455) Importer(815301076,1909f56bfc062723c751e8b465ee728b)
Start importing Assets/_Scripts/Game Scene Scripts/AI Unit Scripts/Behaviours/AgentStateChase.cs using Guid(fba505b8410627b4499274c3847df455) Importer(815301076,1909f56bfc062723c751e8b465ee728b)  -> (artifact id: '52bb455450660a557f408a0645e241f2') in 0.012763 seconds 
  Import took 0.037601 seconds .

========================================================================
Received Prepare
Registering precompiled user dll's ...
Registered in 0.072171 seconds.
Begin MonoManager ReloadAssembly
Native extension for WindowsStandalone target not found
Native extension for WebGL target not found
Refreshing native plugins compatible for Editor in 0.85 ms, found 2 plugins.
Preloading 0 native plugins for Editor in 0.00 ms.
Mono: successfully reloaded assembly
- Completed reload, in  1.450 seconds
Domain Reload Profiling:
	ReloadAssembly (1450ms)
		BeginReloadAssembly (145ms)
			ExecutionOrderSort (0ms)
			DisableScriptedObjects (6ms)
			BackupInstance (0ms)
			ReleaseScriptingObjects (0ms)
			CreateAndSetChildDomain (38ms)
		EndReloadAssembly (1237ms)
			LoadAssemblies (143ms)
			RebuildTransferFunctionScriptingTraits (0ms)
			SetupTypeCache (400ms)
			ReleaseScriptCaches (1ms)
			RebuildScriptCaches (53ms)
			SetupLoadedEditorAssemblies (435ms)
				LogAssemblyErrors (0ms)
				InitializePlatformSupportModulesInManaged (5ms)
				SetLoadedEditorAssemblies (1ms)
				RefreshPlugins (1ms)
				BeforeProcessingInitializeOnLoad (103ms)
				ProcessInitializeOnLoadAttributes (311ms)
				ProcessInitializeOnLoadMethodAttributes (11ms)
				AfterProcessingInitializeOnLoad (3ms)
				EditorAssembliesLoaded (0ms)
			ExecutionOrderSort2 (0ms)
			AwakeInstancesAfterBackupRestoration (12ms)
Platform modules already initialized, skipping
Refreshing native plugins compatible for Editor in 0.88 ms, found 2 plugins.
Preloading 0 native plugins for Editor in 0.00 ms.
Unloading 3417 Unused Serialized files (Serialized files now loaded: 0)
System memory in use before: 172.2 MB.
System memory in use after: 172.5 MB.

Unloading 22 unused Assets to reduce memory usage. Loaded Objects now: 4066.
Total: 4.934100 ms (FindLiveObjects: 0.415100 ms CreateObjectMapping: 0.112900 ms MarkObjects: 4.364900 ms  DeleteObjects: 0.038800 ms)

AssetImportParameters requested are different than current active one (requested -> active):
  custom:framework-win-MediaFoundation: 216162199b28c13a410421893ffa2e32 -> 
  custom:video-decoder-ogg-theora: a1e56fd34408186e4bbccfd4996cb3dc -> 
  custom:container-muxer-webm: aa71ff27fc2769a1b78a27578f13a17b -> 
  custom:container-demuxer-webm: 4f35f7cbe854078d1ac9338744f61a02 -> 
  custom:container-demuxer-ogg: 62fdf1f143b41e24485cea50d1cbac27 -> 
  custom:video-encoder-webm-vp8: eb34c28f22e8b96e1ab97ce403110664 -> 
  custom:video-decoder-webm-vp8: 9c59270c3fd7afecdb556c50c9e8de78 -> 
  custom:audio-decoder-ogg-vorbis: bf7c407c2cedff20999df2af8eb42d56 -> 
  custom:audio-encoder-webm-vorbis: bf7c407c2cedff20999df2af8eb42d56 -> 
========================================================================
Received Import Request.
  Time since last request: 1301.343234 seconds.
  path: Assets/_Scripts/Game Scene Scripts/AI Unit Scripts/Behaviours/AgentStateChase.cs
  artifactKey: Guid(fba505b8410627b4499274c3847df455) Importer(815301076,1909f56bfc062723c751e8b465ee728b)
Start importing Assets/_Scripts/Game Scene Scripts/AI Unit Scripts/Behaviours/AgentStateChase.cs using Guid(fba505b8410627b4499274c3847df455) Importer(815301076,1909f56bfc062723c751e8b465ee728b)  -> (artifact id: 'd12018c26ca84c75aa1119c87e3d4aeb') in 0.012025 seconds 
  Import took 0.021125 seconds .

========================================================================
Received Import Request.
  Time since last request: 173.932003 seconds.
  path: Assets/_Scripts/Game Scene Scripts/AI Unit Scripts/Behaviours/AgentStateChase.cs
  artifactKey: Guid(fba505b8410627b4499274c3847df455) Importer(815301076,1909f56bfc062723c751e8b465ee728b)
Start importing Assets/_Scripts/Game Scene Scripts/AI Unit Scripts/Behaviours/AgentStateChase.cs using Guid(fba505b8410627b4499274c3847df455) Importer(815301076,1909f56bfc062723c751e8b465ee728b)  -> (artifact id: '167d367635316a29402bfabddbc0d472') in 0.002412 seconds 
  Import took 0.008787 seconds .

========================================================================
Received Import Request.
  Time since last request: 23.476838 seconds.
  path: Assets/_Scripts/Game Scene Scripts/AI Unit Scripts/Behaviours/AgentStateChase.cs
  artifactKey: Guid(fba505b8410627b4499274c3847df455) Importer(815301076,1909f56bfc062723c751e8b465ee728b)
Start importing Assets/_Scripts/Game Scene Scripts/AI Unit Scripts/Behaviours/AgentStateChase.cs using Guid(fba505b8410627b4499274c3847df455) Importer(815301076,1909f56bfc062723c751e8b465ee728b)  -> (artifact id: '4db5dbb9d30e37a1707509b307c8de3e') in 0.002582 seconds 
  Import took 0.020436 seconds .

========================================================================
Received Import Request.
  Time since last request: 35.169013 seconds.
  path: Assets/_Scripts/Game Scene Scripts/AI Unit Scripts/Behaviours/AgentStateChase.cs
  artifactKey: Guid(fba505b8410627b4499274c3847df455) Importer(815301076,1909f56bfc062723c751e8b465ee728b)
Start importing Assets/_Scripts/Game Scene Scripts/AI Unit Scripts/Behaviours/AgentStateChase.cs using Guid(fba505b8410627b4499274c3847df455) Importer(815301076,1909f56bfc062723c751e8b465ee728b)  -> (artifact id: '2d3c9ae24255e9999ea328bc820bb5cc') in 0.002473 seconds 
  Import took 0.024744 seconds .

========================================================================
Received Import Request.
  Time since last request: 26.218478 seconds.
  path: Assets/_Scripts/Game Scene Scripts/AI Unit Scripts/Behaviours/AgentStateChase.cs
  artifactKey: Guid(fba505b8410627b4499274c3847df455) Importer(815301076,1909f56bfc062723c751e8b465ee728b)
Start importing Assets/_Scripts/Game Scene Scripts/AI Unit Scripts/Behaviours/AgentStateChase.cs using Guid(fba505b8410627b4499274c3847df455) Importer(815301076,1909f56bfc062723c751e8b465ee728b)  -> (artifact id: '1297cb6d047fd0d9297f9e1b45eb631b') in 0.002488 seconds 
  Import took 0.018738 seconds .

========================================================================
Received Import Request.
  Time since last request: 43.514891 seconds.
  path: Assets/_Scripts/Game Scene Scripts/AI Unit Scripts/Behaviours/AgentStateAttack.cs
  artifactKey: Guid(dbf5c3aeba4977e4381be624034a18ae) Importer(815301076,1909f56bfc062723c751e8b465ee728b)
Start importing Assets/_Scripts/Game Scene Scripts/AI Unit Scripts/Behaviours/AgentStateAttack.cs using Guid(dbf5c3aeba4977e4381be624034a18ae) Importer(815301076,1909f56bfc062723c751e8b465ee728b)  -> (artifact id: '21ff4151c1e02bbebb46d18b63450199') in 0.006677 seconds 
  Import took 0.029590 seconds .

========================================================================
Received Import Request.
  Time since last request: 694.814623 seconds.
  path: Assets/_Scripts/Game Scene Scripts/AI Unit Scripts/Behaviours/AgentStateAttack.cs
  artifactKey: Guid(dbf5c3aeba4977e4381be624034a18ae) Importer(815301076,1909f56bfc062723c751e8b465ee728b)
Start importing Assets/_Scripts/Game Scene Scripts/AI Unit Scripts/Behaviours/AgentStateAttack.cs using Guid(dbf5c3aeba4977e4381be624034a18ae) Importer(815301076,1909f56bfc062723c751e8b465ee728b)  -> (artifact id: '13424259b15d7d36cac59211e6196764') in 0.002599 seconds 
  Import took 0.016165 seconds .

========================================================================
Received Import Request.
  Time since last request: 10.806357 seconds.
  path: Assets/_Scripts/Game Scene Scripts/AI Unit Scripts/Behaviours/AgentStateAttack.cs
  artifactKey: Guid(dbf5c3aeba4977e4381be624034a18ae) Importer(815301076,1909f56bfc062723c751e8b465ee728b)
Start importing Assets/_Scripts/Game Scene Scripts/AI Unit Scripts/Behaviours/AgentStateAttack.cs using Guid(dbf5c3aeba4977e4381be624034a18ae) Importer(815301076,1909f56bfc062723c751e8b465ee728b)  -> (artifact id: '92199a97a65b09232c768db0d26fbd13') in 0.002494 seconds 
  Import took 0.020178 seconds .

========================================================================
Received Import Request.
  Time since last request: 6.129707 seconds.
  path: Assets/_Scripts/Game Scene Scripts/AI Unit Scripts/Behaviours/AgentStateAttack.cs
  artifactKey: Guid(dbf5c3aeba4977e4381be624034a18ae) Importer(815301076,1909f56bfc062723c751e8b465ee728b)
Start importing Assets/_Scripts/Game Scene Scripts/AI Unit Scripts/Behaviours/AgentStateAttack.cs using Guid(dbf5c3aeba4977e4381be624034a18ae) Importer(815301076,1909f56bfc062723c751e8b465ee728b)  -> (artifact id: '2588a3a22bc3e0989d7e40e0d72ab0b4') in 0.003332 seconds 
  Import took 0.012148 seconds .

========================================================================
Received Import Request.
  Time since last request: 2630.042209 seconds.
  path: Assets/_Scenes/GameScene.unity
  artifactKey: Guid(81dcc38a9fdadf648bcf59e78080a77d) Importer(815301076,1909f56bfc062723c751e8b465ee728b)
Start importing Assets/_Scenes/GameScene.unity using Guid(81dcc38a9fdadf648bcf59e78080a77d) Importer(815301076,1909f56bfc062723c751e8b465ee728b)  -> (artifact id: '646231bd464e9e3a7281c6243777f06c') in 0.711673 seconds 
  Import took 0.731172 seconds .

AssetImportWorkerClient::OnTransportError - code=2 error=End of file
